2024-05-03 19:19:14,713 [INFO] Activator:176 - 


2024-05-03 19:19:14,719 [INFO] Activator:177 - !SESSION log4j initialized
2024-05-03 19:19:19,782 [INFO] LogOutputStream:77 - [STDOUT_REDIRECT] 
2024-05-03 19:19:22,068 [INFO] ApplicationProperties:184 - Using Application install path: C:\ST\STM32CubeIDE_1.14.1\STM32CubeIDE\plugins\com.st.stm32cube.common.mx_6.11.1.202404110753
2024-05-03 19:19:22,083 [INFO] DbMcusXml:78 - Set database path to: C:\ST\STM32CubeIDE_1.14.1\STM32CubeIDE\plugins\com.st.stm32cube.common.mx_6.11.1.202404110753\\db\/mcu/
2024-05-03 19:19:22,084 [INFO] ApiDb:274 - Set plugin database path to: C:\ST\STM32CubeIDE_1.14.1\STM32CubeIDE\plugins\com.st.stm32cube.common.mx_6.11.1.202404110753\\db\/plugins/boardmanager/
2024-05-03 19:19:22,084 [WARN] ApiDb:259 - Overriding images path with different value:  => C:\ST\STM32CubeIDE_1.14.1\STM32CubeIDE\plugins\com.st.stm32cube.common.mx_6.11.1.202404110753\\db\/plugins/mcufinder/images/
2024-05-03 19:19:22,096 [INFO] ApiDb:250 - Set database path to: C:\Users\merta\.stmcufinder\plugins\mcufinder//mcu/
2024-05-03 19:19:22,097 [INFO] DbMcusAds:125 - Set database path to: C:\Users\merta\.stmcufinder\plugins\mcufinder//mcu/
2024-05-03 19:19:22,099 [INFO] CrossReferenceDbSqlite:203 - Set database path to: C:\Users\merta\.stmcufinder\plugins\mcufinder//mcu/cs/
2024-05-03 19:19:22,310 [INFO] RulesReader:64 - Compatibility file has been processed (297 Rules)
2024-05-03 19:19:22,397 [INFO] DbMcusXml:78 - Set database path to: C:\ST\STM32CubeIDE_1.14.1\STM32CubeIDE\plugins\com.st.stm32cube.common.mx_6.11.1.202404110753\\db\/mcu/
2024-05-03 19:19:22,397 [INFO] ApiDb:274 - Set plugin database path to: C:\ST\STM32CubeIDE_1.14.1\STM32CubeIDE\plugins\com.st.stm32cube.common.mx_6.11.1.202404110753\\db\/plugins/boardmanager/
2024-05-03 19:19:22,397 [INFO] ApiDb:261 - Set plugin images path to: C:\ST\STM32CubeIDE_1.14.1\STM32CubeIDE\plugins\com.st.stm32cube.common.mx_6.11.1.202404110753\\db\/plugins/mcufinder/images/
2024-05-03 19:19:22,398 [WARN] DbFile:41 - Overriding database path with different value: C:\Users\merta\.stmcufinder\plugins\mcufinder/ => C:\Users\merta\.stmcufinder\plugins\mcufinder
2024-05-03 19:19:22,398 [INFO] ApiDb:250 - Set database path to: C:\Users\merta\.stmcufinder\plugins\mcufinder//mcu/
2024-05-03 19:19:22,398 [WARN] DbFile:41 - Overriding database path with different value: C:\Users\merta\.stmcufinder\plugins\mcufinder/ => C:\Users\merta\.stmcufinder\plugins\mcufinder
2024-05-03 19:19:22,398 [INFO] DbMcusAds:125 - Set database path to: C:\Users\merta\.stmcufinder\plugins\mcufinder//mcu/
2024-05-03 19:19:22,398 [WARN] DbFile:41 - Overriding database path with different value: C:\Users\merta\.stmcufinder\plugins\mcufinder/ => C:\Users\merta\.stmcufinder\plugins\mcufinder
2024-05-03 19:19:22,398 [WARN] DbFile:41 - Overriding database path with different value: C:\Users\merta\.stmcufinder\plugins\mcufinder/ => C:\Users\merta\.stmcufinder\plugins\mcufinder
2024-05-03 19:19:22,398 [INFO] CrossReferenceDbSqlite:203 - Set database path to: C:\Users\merta\.stmcufinder\plugins\mcufinder//mcu/cs/
2024-05-03 19:19:22,486 [INFO] MainPanel:264 - HeapMemory: 268435456
2024-05-03 19:19:22,567 [INFO] DbMcusXml:78 - Set database path to: C:\ST\STM32CubeIDE_1.14.1\STM32CubeIDE\plugins\com.st.stm32cube.common.mx_6.11.1.202404110753\\db\/mcu/
2024-05-03 19:19:22,568 [INFO] ApiDb:274 - Set plugin database path to: C:\ST\STM32CubeIDE_1.14.1\STM32CubeIDE\plugins\com.st.stm32cube.common.mx_6.11.1.202404110753\\db\/plugins/boardmanager/
2024-05-03 19:19:22,568 [INFO] ApiDb:261 - Set plugin images path to: C:\ST\STM32CubeIDE_1.14.1\STM32CubeIDE\plugins\com.st.stm32cube.common.mx_6.11.1.202404110753\\db\/plugins/mcufinder/images/
2024-05-03 19:19:22,568 [WARN] DbFile:41 - Overriding database path with different value: C:\Users\merta\.stmcufinder\plugins\mcufinder/ => C:\Users\merta\.stmcufinder\plugins\mcufinder
2024-05-03 19:19:22,568 [INFO] ApiDb:250 - Set database path to: C:\Users\merta\.stmcufinder\plugins\mcufinder//mcu/
2024-05-03 19:19:22,568 [WARN] DbFile:41 - Overriding database path with different value: C:\Users\merta\.stmcufinder\plugins\mcufinder/ => C:\Users\merta\.stmcufinder\plugins\mcufinder
2024-05-03 19:19:22,568 [INFO] DbMcusAds:125 - Set database path to: C:\Users\merta\.stmcufinder\plugins\mcufinder//mcu/
2024-05-03 19:19:22,568 [WARN] DbFile:41 - Overriding database path with different value: C:\Users\merta\.stmcufinder\plugins\mcufinder/ => C:\Users\merta\.stmcufinder\plugins\mcufinder
2024-05-03 19:19:22,568 [WARN] DbFile:41 - Overriding database path with different value: C:\Users\merta\.stmcufinder\plugins\mcufinder/ => C:\Users\merta\.stmcufinder\plugins\mcufinder
2024-05-03 19:19:22,568 [INFO] CrossReferenceDbSqlite:203 - Set database path to: C:\Users\merta\.stmcufinder\plugins\mcufinder//mcu/cs/
2024-05-03 19:19:22,585 [INFO] ApplicationProperties:184 - Using Application install path: C:\ST\STM32CubeIDE_1.14.1\STM32CubeIDE\plugins\com.st.stm32cube.common.mx_6.11.1.202404110753
2024-05-03 19:19:22,586 [INFO] PluginManage:196 - Search for loadable plugins [exclusion list=, ]
2024-05-03 19:19:22,587 [INFO] PluginManage:310 - Check plugin analytics
2024-05-03 19:19:22,878 [INFO] AnalyticsPlugin:253 - Accepted Software Licenses: 
2024-05-03 19:19:22,878 [INFO] AnalyticsPlugin:255 - Accepted CMSIS Pack Licenses: 
2024-05-03 19:19:22,879 [INFO] AnalyticsPlugin:257 - Accepted Firmware Licenses: FW.F4.1.28.0
2024-05-03 19:19:22,882 [INFO] PluginManage:359 - Loaded plugin analytics (category:tool,tabindex:-1)
2024-05-03 19:19:22,882 [INFO] PluginManage:310 - Check plugin cadmodel
2024-05-03 19:19:22,963 [INFO] CADModel:105 - Init CAD model plugin
2024-05-03 19:19:22,964 [INFO] PluginManage:359 - Loaded plugin cadmodel (category:power,tabindex:5)
2024-05-03 19:19:22,964 [INFO] PluginManage:310 - Check plugin clock
2024-05-03 19:19:22,984 [INFO] PluginManage:359 - Loaded plugin clock (category:base,tabindex:2)
2024-05-03 19:19:22,984 [INFO] PluginManage:310 - Check plugin ddr
2024-05-03 19:19:22,986 [INFO] PluginManage:359 - Loaded plugin ddr (category:tool,tabindex:6)
2024-05-03 19:19:22,986 [INFO] PluginManage:310 - Check plugin filemanager
2024-05-03 19:19:23,118 [INFO] PluginManage:359 - Loaded plugin filemanager (category:base,tabindex:10)
2024-05-03 19:19:23,118 [INFO] PluginManage:310 - Check plugin ipmanager
2024-05-03 19:19:23,124 [INFO] PluginManage:359 - Loaded plugin ipmanager (category:base,tabindex:5)
2024-05-03 19:19:23,124 [INFO] PluginManage:310 - Check plugin lpbam
2024-05-03 19:19:23,137 [INFO] PluginManage:359 - Loaded plugin lpbam (category:base,tabindex:0)
2024-05-03 19:19:23,137 [INFO] PluginManage:310 - Check plugin memorymap
2024-05-03 19:19:23,154 [INFO] PluginManage:359 - Loaded plugin memorymap (category:base,tabindex:4)
2024-05-03 19:19:23,155 [INFO] PluginManage:310 - Check plugin pinoutandconfiguration
2024-05-03 19:19:23,169 [INFO] PluginManage:359 - Loaded plugin pinoutandconfiguration (category:base,tabindex:1)
2024-05-03 19:19:23,169 [INFO] PluginManage:310 - Check plugin pinoutconfig
2024-05-03 19:19:23,246 [WARN] SupportedApi:132 - Cannot load RTOS API schema: s4s-elt-must-match.1: The content of 'definitions' must match (annotation?, (simpleType | complexType)?, (unique | key | keyref)*)). A problem was found starting at: attribute.
2024-05-03 19:19:23,386 [INFO] PluginManage:359 - Loaded plugin pinoutconfig (category:base,tabindex:0)
2024-05-03 19:19:23,387 [INFO] PluginManage:310 - Check plugin power
2024-05-03 19:19:23,412 [INFO] PluginManage:359 - Loaded plugin power (category:power,tabindex:4)
2024-05-03 19:19:23,412 [INFO] PluginManage:310 - Check plugin projectmanager
2024-05-03 19:19:23,442 [INFO] PluginManage:359 - Loaded plugin projectmanager (category:projectmanager,tabindex:3)
2024-05-03 19:19:23,443 [INFO] PluginManage:310 - Check plugin thirdparty
2024-05-03 19:19:23,757 [INFO] PluginManage:359 - Loaded plugin thirdparty (category:base,tabindex:-1)
2024-05-03 19:19:23,757 [INFO] PluginManage:310 - Check plugin tools
2024-05-03 19:19:23,757 [WARN] IntegrityCheckThread:84 - waiting for thirdparty lock release [integrity check]
2024-05-03 19:19:23,758 [INFO] IntegrityCheckThread:86 - entering critical section [integrity check]
2024-05-03 19:19:23,758 [INFO] ThirdPartyUpdaterWithRetryManager:70 - Updater plugin not ready yet. [1/15]
2024-05-03 19:19:23,782 [INFO] PluginManage:359 - Loaded plugin tools (category:base,tabindex:7)
2024-05-03 19:19:23,782 [INFO] PluginManage:310 - Check plugin tutovideos
2024-05-03 19:19:23,936 [INFO] PluginManage:359 - Loaded plugin tutovideos (category:base,tabindex:-1)
2024-05-03 19:19:23,937 [INFO] PluginManage:310 - Check plugin updater
2024-05-03 19:19:23,947 [INFO] PluginManage:359 - Loaded plugin updater (category:base,tabindex:12)
2024-05-03 19:19:23,947 [INFO] PluginManage:310 - Check plugin userauth
2024-05-03 19:19:23,953 [INFO] UserAuth:114 - Init User Auth plugin
2024-05-03 19:19:23,953 [INFO] PluginManage:359 - Loaded plugin userauth (category:base,tabindex:14)
2024-05-03 19:19:23,953 [INFO] PluginManage:283 - PluginManage : Loaded plugins [17]
2024-05-03 19:19:24,170 [INFO] PinOutPanel:1561 - setPackage(No Configuration,No Configuration)
2024-05-03 19:19:24,234 [INFO] CADModel:165 - CPN selected for project level
2024-05-03 19:19:24,235 [INFO] CADModel:114 - Register for checkConnection events
2024-05-03 19:19:24,261 [INFO] IPUIPlugin:80 - create IPUIPlugin
2024-05-03 19:19:24,261 [INFO] PluginManager:220 - loadIPPluginJar : add adc
2024-05-03 19:19:24,289 [INFO] IPUIPlugin:80 - create IPUIPlugin
2024-05-03 19:19:24,289 [INFO] PluginManager:220 - loadIPPluginJar : add aes
2024-05-03 19:19:24,317 [INFO] IPUIPlugin:80 - create IPUIPlugin
2024-05-03 19:19:24,317 [INFO] PluginManager:220 - loadIPPluginJar : add can
2024-05-03 19:19:24,332 [INFO] IPUIPlugin:80 - create IPUIPlugin
2024-05-03 19:19:24,332 [INFO] PluginManager:220 - loadIPPluginJar : add comp
2024-05-03 19:19:24,353 [INFO] IPUIPlugin:80 - create IPUIPlugin
2024-05-03 19:19:24,353 [INFO] PluginManager:220 - loadIPPluginJar : add cryp
2024-05-03 19:19:24,372 [INFO] IPUIPlugin:80 - create IPUIPlugin
2024-05-03 19:19:24,372 [INFO] PluginManager:220 - loadIPPluginJar : add dfsdm
2024-05-03 19:19:24,389 [INFO] IPUIPlugin:80 - create IPUIPlugin
2024-05-03 19:19:24,389 [INFO] PluginManager:220 - loadIPPluginJar : add dma
2024-05-03 19:19:24,419 [INFO] IPUIPlugin:80 - create IPUIPlugin
2024-05-03 19:19:24,419 [INFO] PluginManager:220 - loadIPPluginJar : add dma3
2024-05-03 19:19:24,450 [INFO] IPUIPlugin:80 - create IPUIPlugin
2024-05-03 19:19:24,450 [INFO] PluginManager:220 - loadIPPluginJar : add extmemmanager
2024-05-03 19:19:24,463 [INFO] IPUIPlugin:80 - create IPUIPlugin
2024-05-03 19:19:24,463 [INFO] PluginManager:220 - loadIPPluginJar : add fatfs
2024-05-03 19:19:24,496 [INFO] IPUIPlugin:80 - create IPUIPlugin
2024-05-03 19:19:24,496 [INFO] PluginManager:220 - loadIPPluginJar : add fmc
2024-05-03 19:19:24,508 [INFO] IPUIPlugin:80 - create IPUIPlugin
2024-05-03 19:19:24,508 [INFO] PluginManager:220 - loadIPPluginJar : add freertos
2024-05-03 19:19:24,524 [INFO] IPUIPlugin:80 - create IPUIPlugin
2024-05-03 19:19:24,525 [INFO] PluginManager:220 - loadIPPluginJar : add genericplugin
2024-05-03 19:19:24,592 [INFO] IPUIPlugin:80 - create IPUIPlugin
2024-05-03 19:19:24,592 [INFO] PluginManager:220 - loadIPPluginJar : add gfxmmu
2024-05-03 19:19:24,695 [INFO] IPUIPlugin:80 - create IPUIPlugin
2024-05-03 19:19:24,696 [INFO] PluginManager:220 - loadIPPluginJar : add gic
2024-05-03 19:19:24,706 [INFO] IPUIPlugin:80 - create IPUIPlugin
2024-05-03 19:19:24,706 [INFO] PluginManager:220 - loadIPPluginJar : add gpio
2024-05-03 19:19:24,798 [INFO] IPUIPlugin:80 - create IPUIPlugin
2024-05-03 19:19:24,798 [INFO] PluginManager:220 - loadIPPluginJar : add gtzc
2024-05-03 19:19:24,821 [INFO] IPUIPlugin:80 - create IPUIPlugin
2024-05-03 19:19:24,821 [INFO] PluginManager:220 - loadIPPluginJar : add hash
2024-05-03 19:19:24,853 [INFO] IPUIPlugin:80 - create IPUIPlugin
2024-05-03 19:19:24,853 [INFO] PluginManager:220 - loadIPPluginJar : add i2c
2024-05-03 19:19:24,880 [INFO] IPUIPlugin:80 - create IPUIPlugin
2024-05-03 19:19:24,880 [INFO] PluginManager:220 - loadIPPluginJar : add i2s
2024-05-03 19:19:24,908 [INFO] IPUIPlugin:80 - create IPUIPlugin
2024-05-03 19:19:24,908 [INFO] PluginManager:220 - loadIPPluginJar : add i3c
2024-05-03 19:19:24,976 [INFO] IPUIPlugin:80 - create IPUIPlugin
2024-05-03 19:19:24,976 [INFO] PluginManager:220 - loadIPPluginJar : add ipddr
2024-05-03 19:19:25,040 [INFO] IPUIPlugin:80 - create IPUIPlugin
2024-05-03 19:19:25,040 [INFO] PluginManager:220 - loadIPPluginJar : add linkedlist
2024-05-03 19:19:25,065 [INFO] IPUIPlugin:80 - create IPUIPlugin
2024-05-03 19:19:25,065 [INFO] PluginManager:220 - loadIPPluginJar : add lorawan
2024-05-03 19:19:25,092 [INFO] IPUIPlugin:80 - create IPUIPlugin
2024-05-03 19:19:25,093 [INFO] PluginManager:220 - loadIPPluginJar : add ltdc
2024-05-03 19:19:25,106 [INFO] IPUIPlugin:80 - create IPUIPlugin
2024-05-03 19:19:25,106 [INFO] PluginManager:220 - loadIPPluginJar : add mdma
2024-05-03 19:19:25,113 [INFO] IPUIPlugin:80 - create IPUIPlugin
2024-05-03 19:19:25,113 [INFO] PluginManager:220 - loadIPPluginJar : add nvic
2024-05-03 19:19:25,138 [INFO] IPUIPlugin:80 - create IPUIPlugin
2024-05-03 19:19:25,138 [INFO] PluginManager:220 - loadIPPluginJar : add opamp
2024-05-03 19:19:25,178 [INFO] IPUIPlugin:80 - create IPUIPlugin
2024-05-03 19:19:25,179 [INFO] PluginManager:220 - loadIPPluginJar : add openamp
2024-05-03 19:19:25,207 [INFO] IPUIPlugin:80 - create IPUIPlugin
2024-05-03 19:19:25,207 [INFO] PluginManager:220 - loadIPPluginJar : add pdm2pcm
2024-05-03 19:19:25,229 [INFO] IPUIPlugin:80 - create IPUIPlugin
2024-05-03 19:19:25,232 [INFO] PluginManager:220 - loadIPPluginJar : add plateformsettings
2024-05-03 19:19:25,249 [INFO] IPUIPlugin:80 - create IPUIPlugin
2024-05-03 19:19:25,249 [INFO] PluginManager:220 - loadIPPluginJar : add quadspi
2024-05-03 19:19:25,260 [INFO] IPUIPlugin:80 - create IPUIPlugin
2024-05-03 19:19:25,260 [INFO] PluginManager:220 - loadIPPluginJar : add resmgrutility
2024-05-03 19:19:25,294 [INFO] IPUIPlugin:80 - create IPUIPlugin
2024-05-03 19:19:25,294 [INFO] PluginManager:220 - loadIPPluginJar : add sai
2024-05-03 19:19:25,319 [INFO] IPUIPlugin:80 - create IPUIPlugin
2024-05-03 19:19:25,319 [INFO] PluginManager:220 - loadIPPluginJar : add spi
2024-05-03 19:19:25,365 [INFO] IPUIPlugin:80 - create IPUIPlugin
2024-05-03 19:19:25,365 [INFO] PluginManager:220 - loadIPPluginJar : add stm32_wpan
2024-05-03 19:19:25,384 [INFO] IPUIPlugin:80 - create IPUIPlugin
2024-05-03 19:19:25,384 [INFO] PluginManager:220 - loadIPPluginJar : add tim
2024-05-03 19:19:25,428 [INFO] IPUIPlugin:80 - create IPUIPlugin
2024-05-03 19:19:25,428 [INFO] PluginManager:220 - loadIPPluginJar : add touchsensing
2024-05-03 19:19:25,444 [INFO] IPUIPlugin:80 - create IPUIPlugin
2024-05-03 19:19:25,445 [INFO] PluginManager:220 - loadIPPluginJar : add tracer_emb
2024-05-03 19:19:25,460 [INFO] IPUIPlugin:80 - create IPUIPlugin
2024-05-03 19:19:25,460 [INFO] PluginManager:220 - loadIPPluginJar : add ts
2024-05-03 19:19:25,487 [INFO] IPUIPlugin:80 - create IPUIPlugin
2024-05-03 19:19:25,487 [INFO] PluginManager:220 - loadIPPluginJar : add tsc
2024-05-03 19:19:25,501 [INFO] IPUIPlugin:80 - create IPUIPlugin
2024-05-03 19:19:25,502 [INFO] PluginManager:220 - loadIPPluginJar : add ucpd
2024-05-03 19:19:25,530 [INFO] IPUIPlugin:80 - create IPUIPlugin
2024-05-03 19:19:25,530 [INFO] PluginManager:220 - loadIPPluginJar : add usart
2024-05-03 19:19:25,557 [INFO] IPUIPlugin:80 - create IPUIPlugin
2024-05-03 19:19:25,557 [INFO] PluginManager:220 - loadIPPluginJar : add usbx
2024-05-03 19:19:25,680 [INFO] CADModel:165 - CPN selected for project level
2024-05-03 19:19:25,680 [INFO] CADModel:114 - Register for checkConnection events
2024-05-03 19:19:25,680 [FATAL] Updater:308 - Updater called before beeing initialized
2024-05-03 19:19:25,680 [ERROR] CADModel:125 - Updater not yet initialized, retry later 
2024-05-03 19:19:25,871 [INFO] CADModel:165 - CPN selected for project level
2024-05-03 19:19:25,871 [INFO] CADModel:114 - Register for checkConnection events
2024-05-03 19:19:25,871 [FATAL] Updater:308 - Updater called before beeing initialized
2024-05-03 19:19:25,871 [ERROR] CADModel:125 - Updater not yet initialized, retry later 
2024-05-03 19:19:25,874 [FATAL] Updater:308 - Updater called before beeing initialized
2024-05-03 19:19:26,004 [FATAL] Updater:308 - Updater called before beeing initialized
2024-05-03 19:19:26,016 [INFO] DbMcusAds:53 - JSON generation date=Wed Nov 29 13:52:27 TRT 2023 (1701255147349)
2024-05-03 19:19:26,016 [FATAL] Updater:308 - Updater called before beeing initialized
2024-05-03 19:19:26,079 [WARN] DetailPanel:346 - Failed to get advertising image, set to default
2024-05-03 19:19:26,144 [FATAL] Updater:308 - Updater called before beeing initialized
2024-05-03 19:19:26,146 [FATAL] Updater:308 - Updater called before beeing initialized
2024-05-03 19:19:26,146 [FATAL] Updater:308 - Updater called before beeing initialized
2024-05-03 19:19:26,146 [WARN] DetailPanel:346 - Failed to get advertising image, set to default
2024-05-03 19:19:26,147 [FATAL] Updater:308 - Updater called before beeing initialized
2024-05-03 19:19:26,233 [ERROR] Updater:1120 - MainUpdater not yet initialized. External WinMGr cannot be set.
2024-05-03 19:19:26,246 [INFO] Updater:1056 - Updater Version found : 6.11.1
2024-05-03 19:19:26,272 [INFO] ApplicationProperties:184 - Using Application install path: C:\ST\STM32CubeIDE_1.14.1\STM32CubeIDE\plugins\com.st.stm32cube.common.mx_6.11.1.202404110753
2024-05-03 19:19:26,759 [INFO] ThirdPartyUpdaterWithRetryManager:70 - Updater plugin not ready yet. [2/15]
2024-05-03 19:19:27,856 [ERROR] LogOutputStream:75 - [STDERR_REDIRECT] May 03, 2024 7:19:27 PM java.util.prefs.WindowsPreferences <init>
2024-05-03 19:19:27,858 [ERROR] LogOutputStream:75 - [STDERR_REDIRECT] WARNING: Could not open/create prefs root node Software\JavaSoft\Prefs at root 0xffffffff80000002. Windows RegCreateKeyEx(...) returned error code 5.
2024-05-03 19:19:27,858 [ERROR] LogOutputStream:75 - [STDERR_REDIRECT] 
2024-05-03 19:19:28,272 [INFO] MainUpdater:2873 - connection check result : 10
2024-05-03 19:19:28,274 [INFO] MainUpdater:3567 - Updater definition file requires update
2024-05-03 19:19:28,274 [INFO] MainUpdater:290 - Updater Check For Update Now.
2024-05-03 19:19:28,274 [INFO] MicroXplorer:498 - Change Database Version : DB.6.0.111
2024-05-03 19:19:28,286 [INFO] McuFinderGlobals:63 - Set McuFinder mode to 2 (CubeIDE integrated)
2024-05-03 19:19:28,295 [INFO] UserAuth:415 - Internet connection configuration mode: 1
2024-05-03 19:19:28,316 [INFO] JxBrowserEngine:152 - Initiate JxBrowser Engine with user profile folder
2024-05-03 19:19:28,371 [INFO] ServerAccessManage:473 - Download File updaters.zip
2024-05-03 19:19:28,466 [INFO] FileExtend:240 - Unzip File : updaters.zip
2024-05-03 19:19:28,466 [INFO] FileExtend:255 - Standard Zip Deflate
2024-05-03 19:19:28,805 [INFO] ServerAccessManage:473 - Download File PacksControlFlags.xml
2024-05-03 19:19:29,002 [INFO] ServerAccessManage:473 - Download File cubemx.pidx
2024-05-03 19:19:29,113 [INFO] LoadServerUpdatesThread:375 - End of LoadServerUpdate Thread
2024-05-03 19:19:29,279 [INFO] CheckServerUpdateThread:120 - End of CheckServer Thread
2024-05-03 19:19:29,944 [WARN] PackLoader:240 - Cannot read IP mode file for STMicroelectronics.FP-SNS-MOTENVWB1.1.4.0
2024-05-03 19:19:29,959 [WARN] PackLoader:240 - Cannot read IP mode file for STMicroelectronics.X-CUBE-SMBUS.2.1.0
2024-05-03 19:19:29,968 [WARN] PackLoader:240 - Cannot read IP mode file for STMicroelectronics.X-CUBE-TOUCHGFX.4.23.1
2024-05-03 19:19:29,974 [WARN] PackLoader:240 - Cannot read IP mode file for STMicroelectronics.X-CUBE-TOUCHGFX.4.23.0
2024-05-03 19:19:29,981 [WARN] PackLoader:240 - Cannot read IP mode file for STMicroelectronics.X-CUBE-TOUCHGFX.4.23.2
2024-05-03 19:19:30,024 [WARN] PackLoader:240 - Cannot read IP mode file for STMicroelectronics.X-CUBE-AZRTOS-F7.1.1.0
2024-05-03 19:19:30,044 [WARN] PackLoader:240 - Cannot read IP mode file for STMicroelectronics.FP-SNS-MOTENV1.4.3.2
2024-05-03 19:19:30,056 [WARN] PackLoader:240 - Cannot read IP mode file for STMicroelectronics.FP-SNS-FLIGHT1.5.0.2
2024-05-03 19:19:30,074 [WARN] PackLoader:240 - Cannot read IP mode file for STMicroelectronics.X-CUBE-DISPLAY.3.0.0
2024-05-03 19:19:30,093 [WARN] PackLoader:240 - Cannot read IP mode file for STMicroelectronics.X-CUBE-BLE1.7.0.0
2024-05-03 19:19:30,103 [WARN] PackLoader:240 - Cannot read IP mode file for emotas.I-CUBE-CANOPEN.1.3.0
2024-05-03 19:19:30,120 [WARN] PackLoader:240 - Cannot read IP mode file for STMicroelectronics.X-CUBE-BLEMGR.3.1.0
2024-05-03 19:19:30,135 [WARN] PackLoader:240 - Cannot read IP mode file for STMicroelectronics.FP-SNS-SMARTAG2.1.2.0
2024-05-03 19:19:30,149 [INFO] LogOutputStream:77 - [STDOUT_REDIRECT] 1 : Invalid condition id : UX_CORESTACK_Condition cause : null
2024-05-03 19:19:30,150 [INFO] LogOutputStream:77 - [STDOUT_REDIRECT] 1 : Invalid condition id : UX_CORESTACK_Condition cause : null
2024-05-03 19:19:30,151 [INFO] LogOutputStream:77 - [STDOUT_REDIRECT] 1 : Invalid condition id : UX_CORESTACK_Condition cause : null
2024-05-03 19:19:30,151 [INFO] LogOutputStream:77 - [STDOUT_REDIRECT] 1 : Invalid condition id : UX_CORESTACK_Condition cause : null
2024-05-03 19:19:30,152 [INFO] LogOutputStream:77 - [STDOUT_REDIRECT] 1 : Invalid condition id : UX_CORESTACK_Condition cause : null
2024-05-03 19:19:30,153 [WARN] PackLoader:240 - Cannot read IP mode file for STMicroelectronics.X-CUBE-AZRTOS-WL.2.0.0
2024-05-03 19:19:30,163 [WARN] PackLoader:240 - Cannot read IP mode file for STMicroelectronics.FP-SNS-MOTENV1.5.0.0
2024-05-03 19:19:30,177 [WARN] PackLoader:240 - Cannot read IP mode file for WES.I-CUBE-Cesium.1.3.0
2024-05-03 19:19:30,190 [WARN] PackLoader:240 - Cannot read IP mode file for STMicroelectronics.X-CUBE-BLE2.3.3.0
2024-05-03 19:19:30,200 [WARN] PackLoader:240 - Cannot read IP mode file for STMicroelectronics.X-CUBE-TCPP.4.1.0
2024-05-03 19:19:30,212 [WARN] PackLoader:240 - Cannot read IP mode file for STMicroelectronics.X-CUBE-ALGOBUILD.1.3.0
2024-05-03 19:19:30,242 [WARN] PackLoader:240 - Cannot read IP mode file for STMicroelectronics.X-CUBE-AZRTOS-G0.1.1.0
2024-05-03 19:19:30,263 [WARN] PackLoader:240 - Cannot read IP mode file for STMicroelectronics.X-CUBE-SAFEA1.1.2.2
2024-05-03 19:19:30,275 [WARN] PackLoader:240 - Cannot read IP mode file for STMicroelectronics.X-CUBE-NFC4.3.0.0
2024-05-03 19:19:30,298 [WARN] PackLoader:240 - Cannot read IP mode file for STMicroelectronics.X-CUBE-BLEMGR.3.0.0
2024-05-03 19:19:30,312 [WARN] PackLoader:240 - Cannot read IP mode file for STMicroelectronics.FP-ATR-SIGFOX1.3.2.0
2024-05-03 19:19:30,325 [WARN] PackLoader:240 - Cannot read IP mode file for STMicroelectronics.X-CUBE-EEPRMA1.5.1.0
2024-05-03 19:19:30,359 [WARN] PackLoader:240 - Cannot read IP mode file for SEGGER.I-CUBE-embOS.1.3.1
2024-05-03 19:19:30,422 [WARN] PackLoader:240 - Cannot read IP mode file for STMicroelectronics.X-CUBE-GNSS1.6.0.0
2024-05-03 19:19:30,455 [WARN] PackLoader:240 - Cannot read IP mode file for STMicroelectronics.X-CUBE-AZRTOS-F4.1.1.0
2024-05-03 19:19:30,473 [WARN] PackLoader:240 - Cannot read IP mode file for STMicroelectronics.X-CUBE-FREERTOS.1.2.0
2024-05-03 19:19:30,486 [WARN] PackLoader:240 - Cannot read IP mode file for wolfSSL.I-CUBE-wolfSSL.5.6.6
2024-05-03 19:19:30,512 [WARN] PackLoader:240 - Cannot read IP mode file for STMicroelectronics.X-CUBE-AZRTOS-L5.2.0.0
2024-05-03 19:19:30,529 [WARN] PackLoader:240 - Cannot read IP mode file for STMicroelectronics.X-CUBE-NFC6.3.1.0
2024-05-03 19:19:30,544 [WARN] PackLoader:240 - Cannot read IP mode file for ITTIA_DB.I-CUBE-ITTIADB.8.8.0
2024-05-03 19:19:30,558 [WARN] PackLoader:240 - Cannot read IP mode file for STMicroelectronics.X-CUBE-AI.9.0.0
2024-05-03 19:19:30,574 [WARN] PackLoader:240 - Cannot read IP mode file for STMicroelectronics.X-CUBE-NFC7.1.0.1
2024-05-03 19:19:30,592 [WARN] PackLoader:240 - Cannot read IP mode file for STMicroelectronics.X-CUBE-NFC6.3.0.0
2024-05-03 19:19:30,607 [WARN] PackLoader:240 - Cannot read IP mode file for STMicroelectronics.X-CUBE-AI.8.1.0
2024-05-03 19:19:30,636 [WARN] ConditionMgr:438 - getConditionDescription Invalid condition id : LAN8742 Phy interface Condition cause : null
2024-05-03 19:19:30,637 [WARN] PackLoader:240 - Cannot read IP mode file for STMicroelectronics.X-CUBE-AZRTOS-L4.2.0.0
2024-05-03 19:19:30,638 [WARN] ConditionMgr:1039 - genDependencies : Invalid condition id : LAN8742 Phy interface Condition cause : null
2024-05-03 19:19:30,638 [WARN] ConditionMgr:1039 - genDependencies : Invalid condition id : LAN8742 Phy interface Condition cause : null
2024-05-03 19:19:30,638 [WARN] ConditionMgr:1039 - genDependencies : Invalid condition id : LAN8742 Phy interface Condition cause : null
2024-05-03 19:19:30,653 [WARN] PackLoader:240 - Cannot read IP mode file for STMicroelectronics.X-CUBE-SFXS2LP1.4.0.0
2024-05-03 19:19:30,681 [WARN] ConditionMgr:438 - getConditionDescription Invalid condition id : UX DEVICE CLASS RTOS Condition cause : null
2024-05-03 19:19:30,681 [WARN] ConditionMgr:438 - getConditionDescription Invalid condition id : UX DEVICE CLASS RTOS Condition cause : null
2024-05-03 19:19:30,683 [WARN] PackLoader:240 - Cannot read IP mode file for STMicroelectronics.X-CUBE-AZRTOS-WB.2.0.0
2024-05-03 19:19:30,683 [WARN] ConditionMgr:1039 - genDependencies : Invalid condition id : UX DEVICE CLASS RTOS Condition cause : null
2024-05-03 19:19:30,683 [WARN] ConditionMgr:1039 - genDependencies : Invalid condition id : UX DEVICE CLASS RTOS Condition cause : null
2024-05-03 19:19:30,683 [WARN] ConditionMgr:1039 - genDependencies : Invalid condition id : UX DEVICE CLASS RTOS Condition cause : null
2024-05-03 19:19:30,684 [WARN] ConditionMgr:1039 - genDependencies : Invalid condition id : UX DEVICE CLASS RTOS Condition cause : null
2024-05-03 19:19:30,684 [WARN] ConditionMgr:1039 - genDependencies : Invalid condition id : UX DEVICE CLASS RTOS Condition cause : null
2024-05-03 19:19:30,704 [WARN] PackLoader:240 - Cannot read IP mode file for STMicroelectronics.X-CUBE-SUBG2.5.0.0
2024-05-03 19:19:30,741 [WARN] PackLoader:240 - Cannot read IP mode file for STMicroelectronics.X-CUBE-AZRTOS-G4.2.0.0
2024-05-03 19:19:30,762 [WARN] PackLoader:240 - Cannot read IP mode file for Infineon.AIROC-Wi-Fi-Bluetooth-STM32.1.5.1
2024-05-03 19:19:30,778 [WARN] PackLoader:240 - Cannot read IP mode file for STMicroelectronics.FP-SNS-MOTENVWB1.1.3.1
2024-05-03 19:19:30,790 [WARN] PackLoader:240 - Cannot read IP mode file for STMicroelectronics.X-CUBE-ISPU.2.0.0
2024-05-03 19:19:30,834 [WARN] PackLoader:240 - Cannot read IP mode file for STMicroelectronics.X-CUBE-MEMS1.10.0.0
2024-05-03 19:19:30,933 [WARN] PackLoader:240 - Cannot read IP mode file for STMicroelectronics.X-CUBE-FREERTOS.1.1.0
2024-05-03 19:19:30,949 [WARN] PackLoader:240 - Cannot read IP mode file for portGmbH.I-Cube-SoM-uGOAL.1.1.0
2024-05-03 19:19:30,963 [WARN] PackLoader:240 - Cannot read IP mode file for STMicroelectronics.X-CUBE-ALS.1.0.1
2024-05-03 19:19:30,991 [WARN] PackLoader:240 - Cannot read IP mode file for STMicroelectronics.X-CUBE-AZRTOS-H7RS.1.0.0
2024-05-03 19:19:31,004 [WARN] PackLoader:240 - Cannot read IP mode file for STMicroelectronics.FP-ATR-ASTRA1.2.0.0
2024-05-03 19:19:31,023 [WARN] PackLoader:240 - Cannot read IP mode file for STMicroelectronics.X-CUBE-TOF1.3.4.0
2024-05-03 19:19:31,051 [WARN] PackLoader:240 - Cannot read IP mode file for STMicroelectronics.X-CUBE-TOF1.3.4.1
2024-05-03 19:19:31,090 [WARN] PackLoader:240 - Cannot read IP mode file for STMicroelectronics.X-CUBE-AZRTOS-H7.3.2.0
2024-05-03 19:19:31,093 [INFO] ThirdParty:978 - Integrity check success = true
2024-05-03 19:19:31,093 [INFO] IntegrityCheckThread:100 - exiting critical section [integrity check]
2024-05-03 19:19:31,093 [INFO] IntegrityCheckThread:103 - End integrity checks thread
2024-05-03 19:19:32,769 [INFO] WebApp:161 - Instantiating new browser for Auth
2024-05-03 19:19:33,337 [INFO] WebApp:779 - Register for checkConnection events
2024-05-03 19:19:33,337 [INFO] WebApp:414 - Apply proxy settings
2024-05-03 19:19:33,337 [INFO] WebApp:499 - Chromium requires no authentication
2024-05-03 19:19:33,343 [INFO] WebApp:442 - Direct internet connection detected
2024-05-03 19:19:33,474 [INFO] WebApp:192 - Starting web application
2024-05-03 19:19:33,474 [INFO] WebApp:544 - Web application path used C:\ST\STM32CubeIDE_1.14.1\STM32CubeIDE\plugins\com.st.stm32cube.common.mx_6.11.1.202404110753\db\plugins\mcufinder\reactClient1\index.html
